<?xml version="1.0" encoding="UTF-8"?>
<testng-results skipped="0" failed="0" ignored="0" total="2" passed="2">
  <reporter-output>
  </reporter-output>
  <suite name="Default suite" duration-ms="131" started-at="2020-05-21T11:42:31 IST" finished-at="2020-05-21T11:42:31 IST">
    <groups>
    </groups>
    <test name="Default test" duration-ms="131" started-at="2020-05-21T11:42:31 IST" finished-at="2020-05-21T11:42:31 IST">
      <class name="unitTest.TestComparison">
        <test-method status="PASS" signature="failtest()[pri:0, instance:unitTest.TestComparison@3a5ed7a6]" name="failtest" duration-ms="25" started-at="2020-05-21T11:42:31 IST" finished-at="2020-05-21T11:42:31 IST">
          <reporter-output>
          </reporter-output>
        </test-method> <!-- failtest -->
        <test-method status="PASS" signature="passtest()[pri:0, instance:unitTest.TestComparison@3a5ed7a6]" name="passtest" duration-ms="3" started-at="2020-05-21T11:42:31 IST" finished-at="2020-05-21T11:42:31 IST">
          <reporter-output>
          </reporter-output>
        </test-method> <!-- passtest -->
      </class> <!-- unitTest.TestComparison -->
    </test> <!-- Default test -->
  </suite> <!-- Default suite -->
</testng-results>
